<?xml version="1.0" encoding="UTF-8"?>
<testsuite xmlns:xsi="http://www.w3.org/2001/XMLSchema-instance" xsi:noNamespaceSchemaLocation="https://maven.apache.org/surefire/maven-surefire-plugin/xsd/surefire-test-report.xsd" name="sample.web.staticcontent.SampleWebStaticApplicationTests" time="11.354" tests="2" errors="0" skipped="0" failures="0">
  <properties>
    <property name="sun.desktop" value="gnome"/>
    <property name="awt.toolkit" value="sun.awt.X11.XToolkit"/>
    <property name="java.specification.version" value="10"/>
    <property name="file.encoding.pkg" value="sun.io"/>
    <property name="sun.cpu.isalist" value=""/>
    <property name="sun.jnu.encoding" value="UTF-8"/>
    <property name="java.class.path" value="/home/o10k/docker-deneme/spring-boot/spring-boot-samples/spring-boot-sample-web-static/target/test-classes:/home/o10k/docker-deneme/spring-boot/spring-boot-samples/spring-boot-sample-web-static/target/classes:/home/o10k/.m2/repository/org/springframework/boot/spring-boot-starter-web/2.2.0.BUILD-SNAPSHOT/spring-boot-starter-web-2.2.0.BUILD-SNAPSHOT.jar:/home/o10k/.m2/repository/org/springframework/boot/spring-boot-starter/2.2.0.BUILD-SNAPSHOT/spring-boot-starter-2.2.0.BUILD-SNAPSHOT.jar:/home/o10k/.m2/repository/org/springframework/boot/spring-boot/2.2.0.BUILD-SNAPSHOT/spring-boot-2.2.0.BUILD-SNAPSHOT.jar:/home/o10k/.m2/repository/org/springframework/boot/spring-boot-autoconfigure/2.2.0.BUILD-SNAPSHOT/spring-boot-autoconfigure-2.2.0.BUILD-SNAPSHOT.jar:/home/o10k/.m2/repository/org/springframework/boot/spring-boot-starter-logging/2.2.0.BUILD-SNAPSHOT/spring-boot-starter-logging-2.2.0.BUILD-SNAPSHOT.jar:/home/o10k/.m2/repository/ch/qos/logback/logback-classic/1.2.3/logback-classic-1.2.3.jar:/home/o10k/.m2/repository/ch/qos/logback/logback-core/1.2.3/logback-core-1.2.3.jar:/home/o10k/.m2/repository/org/apache/logging/log4j/log4j-to-slf4j/2.11.2/log4j-to-slf4j-2.11.2.jar:/home/o10k/.m2/repository/org/apache/logging/log4j/log4j-api/2.11.2/log4j-api-2.11.2.jar:/home/o10k/.m2/repository/org/slf4j/jul-to-slf4j/1.7.26/jul-to-slf4j-1.7.26.jar:/home/o10k/.m2/repository/org/yaml/snakeyaml/1.24/snakeyaml-1.24.jar:/home/o10k/.m2/repository/org/springframework/boot/spring-boot-starter-json/2.2.0.BUILD-SNAPSHOT/spring-boot-starter-json-2.2.0.BUILD-SNAPSHOT.jar:/home/o10k/.m2/repository/com/fasterxml/jackson/core/jackson-databind/2.9.8/jackson-databind-2.9.8.jar:/home/o10k/.m2/repository/com/fasterxml/jackson/core/jackson-annotations/2.9.0/jackson-annotations-2.9.0.jar:/home/o10k/.m2/repository/com/fasterxml/jackson/core/jackson-core/2.9.8/jackson-core-2.9.8.jar:/home/o10k/.m2/repository/com/fasterxml/jackson/datatype/jackson-datatype-jdk8/2.9.8/jackson-datatype-jdk8-2.9.8.jar:/home/o10k/.m2/repository/com/fasterxml/jackson/datatype/jackson-datatype-jsr310/2.9.8/jackson-datatype-jsr310-2.9.8.jar:/home/o10k/.m2/repository/com/fasterxml/jackson/module/jackson-module-parameter-names/2.9.8/jackson-module-parameter-names-2.9.8.jar:/home/o10k/.m2/repository/org/springframework/boot/spring-boot-starter-validation/2.2.0.BUILD-SNAPSHOT/spring-boot-starter-validation-2.2.0.BUILD-SNAPSHOT.jar:/home/o10k/.m2/repository/jakarta/validation/jakarta.validation-api/2.0.1/jakarta.validation-api-2.0.1.jar:/home/o10k/.m2/repository/org/hibernate/validator/hibernate-validator/6.0.16.Final/hibernate-validator-6.0.16.Final.jar:/home/o10k/.m2/repository/org/jboss/logging/jboss-logging/3.3.2.Final/jboss-logging-3.3.2.Final.jar:/home/o10k/.m2/repository/com/fasterxml/classmate/1.4.0/classmate-1.4.0.jar:/home/o10k/.m2/repository/org/springframework/spring-web/5.2.0.BUILD-SNAPSHOT/spring-web-5.2.0.BUILD-SNAPSHOT.jar:/home/o10k/.m2/repository/org/springframework/spring-beans/5.2.0.BUILD-SNAPSHOT/spring-beans-5.2.0.BUILD-SNAPSHOT.jar:/home/o10k/.m2/repository/org/springframework/spring-webmvc/5.2.0.BUILD-SNAPSHOT/spring-webmvc-5.2.0.BUILD-SNAPSHOT.jar:/home/o10k/.m2/repository/org/springframework/spring-aop/5.2.0.BUILD-SNAPSHOT/spring-aop-5.2.0.BUILD-SNAPSHOT.jar:/home/o10k/.m2/repository/org/springframework/spring-context/5.2.0.BUILD-SNAPSHOT/spring-context-5.2.0.BUILD-SNAPSHOT.jar:/home/o10k/.m2/repository/org/springframework/spring-expression/5.2.0.BUILD-SNAPSHOT/spring-expression-5.2.0.BUILD-SNAPSHOT.jar:/home/o10k/.m2/repository/org/webjars/bootstrap/3.0.3/bootstrap-3.0.3.jar:/home/o10k/.m2/repository/org/webjars/jquery/2.0.3-1/jquery-2.0.3-1.jar:/home/o10k/.m2/repository/org/springframework/boot/spring-boot-starter-tomcat/2.2.0.BUILD-SNAPSHOT/spring-boot-starter-tomcat-2.2.0.BUILD-SNAPSHOT.jar:/home/o10k/.m2/repository/jakarta/annotation/jakarta.annotation-api/1.3.4/jakarta.annotation-api-1.3.4.jar:/home/o10k/.m2/repository/org/apache/tomcat/embed/tomcat-embed-core/9.0.17/tomcat-embed-core-9.0.17.jar:/home/o10k/.m2/repository/org/apache/tomcat/embed/tomcat-embed-el/9.0.17/tomcat-embed-el-9.0.17.jar:/home/o10k/.m2/repository/org/apache/tomcat/embed/tomcat-embed-websocket/9.0.17/tomcat-embed-websocket-9.0.17.jar:/home/o10k/.m2/repository/org/springframework/boot/spring-boot-starter-test/2.2.0.BUILD-SNAPSHOT/spring-boot-starter-test-2.2.0.BUILD-SNAPSHOT.jar:/home/o10k/.m2/repository/org/springframework/boot/spring-boot-test/2.2.0.BUILD-SNAPSHOT/spring-boot-test-2.2.0.BUILD-SNAPSHOT.jar:/home/o10k/.m2/repository/org/springframework/boot/spring-boot-test-autoconfigure/2.2.0.BUILD-SNAPSHOT/spring-boot-test-autoconfigure-2.2.0.BUILD-SNAPSHOT.jar:/home/o10k/.m2/repository/com/jayway/jsonpath/json-path/2.4.0/json-path-2.4.0.jar:/home/o10k/.m2/repository/net/minidev/json-smart/2.3/json-smart-2.3.jar:/home/o10k/.m2/repository/net/minidev/accessors-smart/1.2/accessors-smart-1.2.jar:/home/o10k/.m2/repository/org/ow2/asm/asm/5.0.4/asm-5.0.4.jar:/home/o10k/.m2/repository/org/slf4j/slf4j-api/1.7.26/slf4j-api-1.7.26.jar:/home/o10k/.m2/repository/jakarta/xml/bind/jakarta.xml.bind-api/2.3.2/jakarta.xml.bind-api-2.3.2.jar:/home/o10k/.m2/repository/jakarta/activation/jakarta.activation-api/1.2.1/jakarta.activation-api-1.2.1.jar:/home/o10k/.m2/repository/junit/junit/4.12/junit-4.12.jar:/home/o10k/.m2/repository/org/assertj/assertj-core/3.12.1/assertj-core-3.12.1.jar:/home/o10k/.m2/repository/org/hamcrest/hamcrest-core/1.3/hamcrest-core-1.3.jar:/home/o10k/.m2/repository/org/hamcrest/hamcrest-library/1.3/hamcrest-library-1.3.jar:/home/o10k/.m2/repository/org/mockito/mockito-core/2.25.0/mockito-core-2.25.0.jar:/home/o10k/.m2/repository/net/bytebuddy/byte-buddy/1.9.12/byte-buddy-1.9.12.jar:/home/o10k/.m2/repository/net/bytebuddy/byte-buddy-agent/1.9.12/byte-buddy-agent-1.9.12.jar:/home/o10k/.m2/repository/org/objenesis/objenesis/2.6/objenesis-2.6.jar:/home/o10k/.m2/repository/org/skyscreamer/jsonassert/1.5.0/jsonassert-1.5.0.jar:/home/o10k/.m2/repository/com/vaadin/external/google/android-json/0.0.20131108.vaadin1/android-json-0.0.20131108.vaadin1.jar:/home/o10k/.m2/repository/org/springframework/spring-core/5.2.0.BUILD-SNAPSHOT/spring-core-5.2.0.BUILD-SNAPSHOT.jar:/home/o10k/.m2/repository/org/springframework/spring-jcl/5.2.0.BUILD-SNAPSHOT/spring-jcl-5.2.0.BUILD-SNAPSHOT.jar:/home/o10k/.m2/repository/org/springframework/spring-test/5.2.0.BUILD-SNAPSHOT/spring-test-5.2.0.BUILD-SNAPSHOT.jar:/home/o10k/.m2/repository/org/xmlunit/xmlunit-core/2.6.2/xmlunit-core-2.6.2.jar:"/>
    <property name="java.vm.vendor" value="Oracle Corporation"/>
    <property name="sun.arch.data.model" value="64"/>
    <property name="java.vendor.url" value="http://java.oracle.com/"/>
    <property name="user.timezone" value=""/>
    <property name="java.vm.specification.version" value="10"/>
    <property name="os.name" value="Linux"/>
    <property name="sun.java.launcher" value="SUN_STANDARD"/>
    <property name="user.country" value="US"/>
    <property name="sun.boot.library.path" value="/usr/lib/jvm/java-11-openjdk-amd64/lib"/>
    <property name="sun.java.command" value="/home/o10k/docker-deneme/spring-boot/spring-boot-samples/spring-boot-sample-web-static/target/surefire/surefirebooter8312191879236106552.jar /home/o10k/docker-deneme/spring-boot/spring-boot-samples/spring-boot-sample-web-static/target/surefire 2019-04-02T13-16-17_689-jvmRun1 surefire4316658343261064689tmp surefire_03859175241441762768tmp"/>
    <property name="jdk.debug" value="release"/>
    <property name="surefire.test.class.path" value="/home/o10k/docker-deneme/spring-boot/spring-boot-samples/spring-boot-sample-web-static/target/test-classes:/home/o10k/docker-deneme/spring-boot/spring-boot-samples/spring-boot-sample-web-static/target/classes:/home/o10k/.m2/repository/org/springframework/boot/spring-boot-starter-web/2.2.0.BUILD-SNAPSHOT/spring-boot-starter-web-2.2.0.BUILD-SNAPSHOT.jar:/home/o10k/.m2/repository/org/springframework/boot/spring-boot-starter/2.2.0.BUILD-SNAPSHOT/spring-boot-starter-2.2.0.BUILD-SNAPSHOT.jar:/home/o10k/.m2/repository/org/springframework/boot/spring-boot/2.2.0.BUILD-SNAPSHOT/spring-boot-2.2.0.BUILD-SNAPSHOT.jar:/home/o10k/.m2/repository/org/springframework/boot/spring-boot-autoconfigure/2.2.0.BUILD-SNAPSHOT/spring-boot-autoconfigure-2.2.0.BUILD-SNAPSHOT.jar:/home/o10k/.m2/repository/org/springframework/boot/spring-boot-starter-logging/2.2.0.BUILD-SNAPSHOT/spring-boot-starter-logging-2.2.0.BUILD-SNAPSHOT.jar:/home/o10k/.m2/repository/ch/qos/logback/logback-classic/1.2.3/logback-classic-1.2.3.jar:/home/o10k/.m2/repository/ch/qos/logback/logback-core/1.2.3/logback-core-1.2.3.jar:/home/o10k/.m2/repository/org/apache/logging/log4j/log4j-to-slf4j/2.11.2/log4j-to-slf4j-2.11.2.jar:/home/o10k/.m2/repository/org/apache/logging/log4j/log4j-api/2.11.2/log4j-api-2.11.2.jar:/home/o10k/.m2/repository/org/slf4j/jul-to-slf4j/1.7.26/jul-to-slf4j-1.7.26.jar:/home/o10k/.m2/repository/org/yaml/snakeyaml/1.24/snakeyaml-1.24.jar:/home/o10k/.m2/repository/org/springframework/boot/spring-boot-starter-json/2.2.0.BUILD-SNAPSHOT/spring-boot-starter-json-2.2.0.BUILD-SNAPSHOT.jar:/home/o10k/.m2/repository/com/fasterxml/jackson/core/jackson-databind/2.9.8/jackson-databind-2.9.8.jar:/home/o10k/.m2/repository/com/fasterxml/jackson/core/jackson-annotations/2.9.0/jackson-annotations-2.9.0.jar:/home/o10k/.m2/repository/com/fasterxml/jackson/core/jackson-core/2.9.8/jackson-core-2.9.8.jar:/home/o10k/.m2/repository/com/fasterxml/jackson/datatype/jackson-datatype-jdk8/2.9.8/jackson-datatype-jdk8-2.9.8.jar:/home/o10k/.m2/repository/com/fasterxml/jackson/datatype/jackson-datatype-jsr310/2.9.8/jackson-datatype-jsr310-2.9.8.jar:/home/o10k/.m2/repository/com/fasterxml/jackson/module/jackson-module-parameter-names/2.9.8/jackson-module-parameter-names-2.9.8.jar:/home/o10k/.m2/repository/org/springframework/boot/spring-boot-starter-validation/2.2.0.BUILD-SNAPSHOT/spring-boot-starter-validation-2.2.0.BUILD-SNAPSHOT.jar:/home/o10k/.m2/repository/jakarta/validation/jakarta.validation-api/2.0.1/jakarta.validation-api-2.0.1.jar:/home/o10k/.m2/repository/org/hibernate/validator/hibernate-validator/6.0.16.Final/hibernate-validator-6.0.16.Final.jar:/home/o10k/.m2/repository/org/jboss/logging/jboss-logging/3.3.2.Final/jboss-logging-3.3.2.Final.jar:/home/o10k/.m2/repository/com/fasterxml/classmate/1.4.0/classmate-1.4.0.jar:/home/o10k/.m2/repository/org/springframework/spring-web/5.2.0.BUILD-SNAPSHOT/spring-web-5.2.0.BUILD-SNAPSHOT.jar:/home/o10k/.m2/repository/org/springframework/spring-beans/5.2.0.BUILD-SNAPSHOT/spring-beans-5.2.0.BUILD-SNAPSHOT.jar:/home/o10k/.m2/repository/org/springframework/spring-webmvc/5.2.0.BUILD-SNAPSHOT/spring-webmvc-5.2.0.BUILD-SNAPSHOT.jar:/home/o10k/.m2/repository/org/springframework/spring-aop/5.2.0.BUILD-SNAPSHOT/spring-aop-5.2.0.BUILD-SNAPSHOT.jar:/home/o10k/.m2/repository/org/springframework/spring-context/5.2.0.BUILD-SNAPSHOT/spring-context-5.2.0.BUILD-SNAPSHOT.jar:/home/o10k/.m2/repository/org/springframework/spring-expression/5.2.0.BUILD-SNAPSHOT/spring-expression-5.2.0.BUILD-SNAPSHOT.jar:/home/o10k/.m2/repository/org/webjars/bootstrap/3.0.3/bootstrap-3.0.3.jar:/home/o10k/.m2/repository/org/webjars/jquery/2.0.3-1/jquery-2.0.3-1.jar:/home/o10k/.m2/repository/org/springframework/boot/spring-boot-starter-tomcat/2.2.0.BUILD-SNAPSHOT/spring-boot-starter-tomcat-2.2.0.BUILD-SNAPSHOT.jar:/home/o10k/.m2/repository/jakarta/annotation/jakarta.annotation-api/1.3.4/jakarta.annotation-api-1.3.4.jar:/home/o10k/.m2/repository/org/apache/tomcat/embed/tomcat-embed-core/9.0.17/tomcat-embed-core-9.0.17.jar:/home/o10k/.m2/repository/org/apache/tomcat/embed/tomcat-embed-el/9.0.17/tomcat-embed-el-9.0.17.jar:/home/o10k/.m2/repository/org/apache/tomcat/embed/tomcat-embed-websocket/9.0.17/tomcat-embed-websocket-9.0.17.jar:/home/o10k/.m2/repository/org/springframework/boot/spring-boot-starter-test/2.2.0.BUILD-SNAPSHOT/spring-boot-starter-test-2.2.0.BUILD-SNAPSHOT.jar:/home/o10k/.m2/repository/org/springframework/boot/spring-boot-test/2.2.0.BUILD-SNAPSHOT/spring-boot-test-2.2.0.BUILD-SNAPSHOT.jar:/home/o10k/.m2/repository/org/springframework/boot/spring-boot-test-autoconfigure/2.2.0.BUILD-SNAPSHOT/spring-boot-test-autoconfigure-2.2.0.BUILD-SNAPSHOT.jar:/home/o10k/.m2/repository/com/jayway/jsonpath/json-path/2.4.0/json-path-2.4.0.jar:/home/o10k/.m2/repository/net/minidev/json-smart/2.3/json-smart-2.3.jar:/home/o10k/.m2/repository/net/minidev/accessors-smart/1.2/accessors-smart-1.2.jar:/home/o10k/.m2/repository/org/ow2/asm/asm/5.0.4/asm-5.0.4.jar:/home/o10k/.m2/repository/org/slf4j/slf4j-api/1.7.26/slf4j-api-1.7.26.jar:/home/o10k/.m2/repository/jakarta/xml/bind/jakarta.xml.bind-api/2.3.2/jakarta.xml.bind-api-2.3.2.jar:/home/o10k/.m2/repository/jakarta/activation/jakarta.activation-api/1.2.1/jakarta.activation-api-1.2.1.jar:/home/o10k/.m2/repository/junit/junit/4.12/junit-4.12.jar:/home/o10k/.m2/repository/org/assertj/assertj-core/3.12.1/assertj-core-3.12.1.jar:/home/o10k/.m2/repository/org/hamcrest/hamcrest-core/1.3/hamcrest-core-1.3.jar:/home/o10k/.m2/repository/org/hamcrest/hamcrest-library/1.3/hamcrest-library-1.3.jar:/home/o10k/.m2/repository/org/mockito/mockito-core/2.25.0/mockito-core-2.25.0.jar:/home/o10k/.m2/repository/net/bytebuddy/byte-buddy/1.9.12/byte-buddy-1.9.12.jar:/home/o10k/.m2/repository/net/bytebuddy/byte-buddy-agent/1.9.12/byte-buddy-agent-1.9.12.jar:/home/o10k/.m2/repository/org/objenesis/objenesis/2.6/objenesis-2.6.jar:/home/o10k/.m2/repository/org/skyscreamer/jsonassert/1.5.0/jsonassert-1.5.0.jar:/home/o10k/.m2/repository/com/vaadin/external/google/android-json/0.0.20131108.vaadin1/android-json-0.0.20131108.vaadin1.jar:/home/o10k/.m2/repository/org/springframework/spring-core/5.2.0.BUILD-SNAPSHOT/spring-core-5.2.0.BUILD-SNAPSHOT.jar:/home/o10k/.m2/repository/org/springframework/spring-jcl/5.2.0.BUILD-SNAPSHOT/spring-jcl-5.2.0.BUILD-SNAPSHOT.jar:/home/o10k/.m2/repository/org/springframework/spring-test/5.2.0.BUILD-SNAPSHOT/spring-test-5.2.0.BUILD-SNAPSHOT.jar:/home/o10k/.m2/repository/org/xmlunit/xmlunit-core/2.6.2/xmlunit-core-2.6.2.jar:"/>
    <property name="sun.cpu.endian" value="little"/>
    <property name="user.home" value="/home/o10k"/>
    <property name="user.language" value="en"/>
    <property name="java.specification.vendor" value="Oracle Corporation"/>
    <property name="java.version.date" value="2018-07-17"/>
    <property name="java.home" value="/usr/lib/jvm/java-11-openjdk-amd64"/>
    <property name="file.separator" value="/"/>
    <property name="basedir" value="/home/o10k/docker-deneme/spring-boot/spring-boot-samples/spring-boot-sample-web-static"/>
    <property name="java.vm.compressedOopsMode" value="32-bit"/>
    <property name="line.separator" value="&#10;"/>
    <property name="java.specification.name" value="Java Platform API Specification"/>
    <property name="java.vm.specification.vendor" value="Oracle Corporation"/>
    <property name="java.awt.graphicsenv" value="sun.awt.X11GraphicsEnvironment"/>
    <property name="java.awt.headless" value="true"/>
    <property name="surefire.real.class.path" value="/home/o10k/docker-deneme/spring-boot/spring-boot-samples/spring-boot-sample-web-static/target/surefire/surefirebooter8312191879236106552.jar"/>
    <property name="sun.management.compiler" value="HotSpot 64-Bit Tiered Compilers"/>
    <property name="java.runtime.version" value="10.0.2+13-Ubuntu-1ubuntu0.18.04.4"/>
    <property name="user.name" value="o10k"/>
    <property name="path.separator" value=":"/>
    <property name="java.security.egd" value="file:/dev/./urandom"/>
    <property name="os.version" value="4.15.0-46-generic"/>
    <property name="java.runtime.name" value="OpenJDK Runtime Environment"/>
    <property name="file.encoding" value="UTF-8"/>
    <property name="java.vm.name" value="OpenJDK 64-Bit Server VM"/>
    <property name="localRepository" value="/home/o10k/.m2/repository"/>
    <property name="java.vendor.url.bug" value="http://bugreport.java.com/bugreport/"/>
    <property name="java.io.tmpdir" value="/tmp"/>
    <property name="java.version" value="10.0.2"/>
    <property name="user.dir" value="/home/o10k/docker-deneme/spring-boot/spring-boot-samples/spring-boot-sample-web-static"/>
    <property name="os.arch" value="amd64"/>
    <property name="java.vm.specification.name" value="Java Virtual Machine Specification"/>
    <property name="java.awt.printerjob" value="sun.print.PSPrinterJob"/>
    <property name="sun.os.patch.level" value="unknown"/>
    <property name="java.library.path" value="/usr/java/packages/lib:/usr/lib/x86_64-linux-gnu/jni:/lib/x86_64-linux-gnu:/usr/lib/x86_64-linux-gnu:/usr/lib/jni:/lib:/usr/lib"/>
    <property name="java.vendor" value="Oracle Corporation"/>
    <property name="java.vm.info" value="mixed mode"/>
    <property name="java.vm.version" value="10.0.2+13-Ubuntu-1ubuntu0.18.04.4"/>
    <property name="sun.io.unicode.encoding" value="UnicodeLittle"/>
    <property name="java.class.version" value="54.0"/>
  </properties>
  <testcase name="testCss" classname="sample.web.staticcontent.SampleWebStaticApplicationTests" time="1.342"/>
  <testcase name="testHome" classname="sample.web.staticcontent.SampleWebStaticApplicationTests" time="0.036"/>
</testsuite>